2016-04-14 19:18:06,723 INFO  com.capitalone.dashboard.Application - Starting Application v2.0.0-SNAPSHOT on toshiba-PC with PID 2040 (C:\Users\toshiba\Desktop\github-scm-collector-2.0.0-SNAPSHOT.jar started by toshiba in C:\Users\toshiba\Desktop)
2016-04-14 19:18:06,789 INFO  o.s.c.a.AnnotationConfigApplicationContext - Refreshing org.springframework.context.annotation.AnnotationConfigApplicationContext@625313b0: startup date [Thu Apr 14 19:18:06 IST 2016]; root of context hierarchy
2016-04-14 19:18:08,183 INFO  o.s.b.f.a.AutowiredAnnotationBeanPostProcessor - JSR-330 'javax.inject.Inject' annotation found and supported for autowiring
2016-04-14 19:18:08,277 INFO  o.h.validator.internal.util.Version - HV000001: Hibernate Validator 5.1.3.Final
2016-04-14 19:18:09,382 INFO  o.s.s.c.ThreadPoolTaskScheduler - Initializing ExecutorService  'taskScheduler'
2016-04-14 19:18:09,477 INFO  c.c.dashboard.config.MongoConfig - Initializing Mongo Client server at: localhost:27017
2016-04-14 19:18:09,737 INFO  org.mongodb.driver.cluster - Cluster created with settings {hosts=[localhost:27017], mode=SINGLE, requiredClusterType=UNKNOWN, serverSelectionTimeout='30000 ms', maxWaitQueueSize=500}
2016-04-14 19:18:09,948 INFO  c.c.dashboard.config.MongoConfig - Connecting to Mongo: Mongo{options=MongoClientOptions{description='null', readPreference=primary, writeConcern=WriteConcern{w=1, wtimeout=0, fsync=false, j=false, codecRegistry=org.bson.codecs.configuration.ProvidersCodecRegistry@b0aa2e9b, minConnectionsPerHost=0, maxConnectionsPerHost=100, threadsAllowedToBlockForConnectionMultiplier=5, serverSelectionTimeout=30000, maxWaitTime=120000, maxConnectionIdleTime=0, maxConnectionLifeTime=0, connectTimeout=10000, socketTimeout=0, socketKeepAlive=false, sslEnabled=false, sslInvalidHostNamesAllowed=false, alwaysUseMBeans=false, heartbeatFrequency=10000, minHeartbeatFrequency=500, heartbeatConnectTimeout=20000, heartbeatSocketTimeout=20000, localThreshold=15, requiredReplicaSetName='null', dbDecoderFactory=com.mongodb.DefaultDBDecoder$1@c30412d, dbEncoderFactory=com.mongodb.DefaultDBEncoder$1@30419577, socketFactory=javax.net.DefaultSocketFactory@3805d857, cursorFinalizerEnabled=true, connectionPoolSettings=ConnectionPoolSettings{maxSize=100, minSize=0, maxWaitQueueSize=500, maxWaitTimeMS=120000, maxConnectionLifeTimeMS=0, maxConnectionIdleTimeMS=0, maintenanceInitialDelayMS=0, maintenanceFrequencyMS=60000}, socketSettings=SocketSettings{connectTimeoutMS=10000, readTimeoutMS=0, keepAlive=false, receiveBufferSize=0, sendBufferSize=0}, serverSettings=ServerSettings{heartbeatFrequencyMS=10000, minHeartbeatFrequencyMS=500}, heartbeatSocketSettings=SocketSettings{connectTimeoutMS=20000, readTimeoutMS=20000, keepAlive=false, receiveBufferSize=0, sendBufferSize=0}}}
2016-04-14 19:18:10,007 INFO  org.mongodb.driver.connection - Opened connection [connectionId{localValue:1, serverValue:4}] to localhost:27017
2016-04-14 19:18:10,010 INFO  org.mongodb.driver.cluster - Monitor thread successfully connected to server with description ServerDescription{address=localhost:27017, type=STANDALONE, state=CONNECTED, ok=true, version=ServerVersion{versionList=[3, 2, 4]}, minWireVersion=0, maxWireVersion=4, electionId=null, maxDocumentSize=16777216, roundTripTimeNanos=1083763}
2016-04-14 19:18:10,504 WARN  o.s.c.a.AnnotationConfigApplicationContext - Exception encountered during context initialization - cancelling refresh attempt
org.springframework.beans.factory.BeanCreationException: Error creating bean with name 'gitHubCollectorTask': Invocation of init method failed; nested exception is java.lang.NullPointerException
	at org.springframework.beans.factory.annotation.InitDestroyAnnotationBeanPostProcessor.postProcessBeforeInitialization(InitDestroyAnnotationBeanPostProcessor.java:136) ~[spring-beans-4.1.7.RELEASE.jar!/:4.1.7.RELEASE]
	at org.springframework.beans.factory.support.AbstractAutowireCapableBeanFactory.applyBeanPostProcessorsBeforeInitialization(AbstractAutowireCapableBeanFactory.java:408) ~[spring-beans-4.1.7.RELEASE.jar!/:4.1.7.RELEASE]
	at org.springframework.beans.factory.support.AbstractAutowireCapableBeanFactory.initializeBean(AbstractAutowireCapableBeanFactory.java:1566) ~[spring-beans-4.1.7.RELEASE.jar!/:4.1.7.RELEASE]
	at org.springframework.beans.factory.support.AbstractAutowireCapableBeanFactory.doCreateBean(AbstractAutowireCapableBeanFactory.java:539) ~[spring-beans-4.1.7.RELEASE.jar!/:4.1.7.RELEASE]
	at org.springframework.beans.factory.support.AbstractAutowireCapableBeanFactory.createBean(AbstractAutowireCapableBeanFactory.java:476) ~[spring-beans-4.1.7.RELEASE.jar!/:4.1.7.RELEASE]
	at org.springframework.beans.factory.support.AbstractBeanFactory$1.getObject(AbstractBeanFactory.java:303) ~[spring-beans-4.1.7.RELEASE.jar!/:4.1.7.RELEASE]
	at org.springframework.beans.factory.support.DefaultSingletonBeanRegistry.getSingleton(DefaultSingletonBeanRegistry.java:230) ~[spring-beans-4.1.7.RELEASE.jar!/:4.1.7.RELEASE]
	at org.springframework.beans.factory.support.AbstractBeanFactory.doGetBean(AbstractBeanFactory.java:299) ~[spring-beans-4.1.7.RELEASE.jar!/:4.1.7.RELEASE]
	at org.springframework.beans.factory.support.AbstractBeanFactory.getBean(AbstractBeanFactory.java:194) ~[spring-beans-4.1.7.RELEASE.jar!/:4.1.7.RELEASE]
	at org.springframework.beans.factory.support.DefaultListableBeanFactory.preInstantiateSingletons(DefaultListableBeanFactory.java:755) ~[spring-beans-4.1.7.RELEASE.jar!/:4.1.7.RELEASE]
	at org.springframework.context.support.AbstractApplicationContext.finishBeanFactoryInitialization(AbstractApplicationContext.java:757) ~[spring-context-4.1.7.RELEASE.jar!/:4.1.7.RELEASE]
	at org.springframework.context.support.AbstractApplicationContext.refresh(AbstractApplicationContext.java:480) ~[spring-context-4.1.7.RELEASE.jar!/:4.1.7.RELEASE]
	at org.springframework.boot.SpringApplication.refresh(SpringApplication.java:686) [spring-boot-1.2.5.RELEASE.jar!/:1.2.5.RELEASE]
	at org.springframework.boot.SpringApplication.run(SpringApplication.java:320) [spring-boot-1.2.5.RELEASE.jar!/:1.2.5.RELEASE]
	at org.springframework.boot.SpringApplication.run(SpringApplication.java:957) [spring-boot-1.2.5.RELEASE.jar!/:1.2.5.RELEASE]
	at org.springframework.boot.SpringApplication.run(SpringApplication.java:946) [spring-boot-1.2.5.RELEASE.jar!/:1.2.5.RELEASE]
	at com.capitalone.dashboard.Application.main(Application.java:13) [github-scm-collector-2.0.0-SNAPSHOT.jar!/:2.0.0-SNAPSHOT]
	at sun.reflect.NativeMethodAccessorImpl.invoke0(Native Method) ~[na:1.8.0_71]
	at sun.reflect.NativeMethodAccessorImpl.invoke(Unknown Source) ~[na:1.8.0_71]
	at sun.reflect.DelegatingMethodAccessorImpl.invoke(Unknown Source) ~[na:1.8.0_71]
	at java.lang.reflect.Method.invoke(Unknown Source) ~[na:1.8.0_71]
	at org.springframework.boot.loader.MainMethodRunner.run(MainMethodRunner.java:53) [github-scm-collector-2.0.0-SNAPSHOT.jar!/:2.0.0-SNAPSHOT]
	at java.lang.Thread.run(Unknown Source) [na:1.8.0_71]
Caused by: java.lang.NullPointerException: null
	at org.springframework.scheduling.support.CronSequenceGenerator.parse(CronSequenceGenerator.java:265) ~[spring-context-4.1.7.RELEASE.jar!/:4.1.7.RELEASE]
	at org.springframework.scheduling.support.CronSequenceGenerator.<init>(CronSequenceGenerator.java:95) ~[spring-context-4.1.7.RELEASE.jar!/:4.1.7.RELEASE]
	at org.springframework.scheduling.support.CronSequenceGenerator.<init>(CronSequenceGenerator.java:82) ~[spring-context-4.1.7.RELEASE.jar!/:4.1.7.RELEASE]
	at org.springframework.scheduling.support.CronTrigger.<init>(CronTrigger.java:44) ~[spring-context-4.1.7.RELEASE.jar!/:4.1.7.RELEASE]
	at com.capitalone.dashboard.collector.CollectorTask.onStartup(CollectorTask.java:73) ~[core-2.0.0-SNAPSHOT.jar!/:2.0.0-SNAPSHOT]
	at sun.reflect.NativeMethodAccessorImpl.invoke0(Native Method) ~[na:1.8.0_71]
	at sun.reflect.NativeMethodAccessorImpl.invoke(Unknown Source) ~[na:1.8.0_71]
	at sun.reflect.DelegatingMethodAccessorImpl.invoke(Unknown Source) ~[na:1.8.0_71]
	at java.lang.reflect.Method.invoke(Unknown Source) ~[na:1.8.0_71]
	at org.springframework.beans.factory.annotation.InitDestroyAnnotationBeanPostProcessor$LifecycleElement.invoke(InitDestroyAnnotationBeanPostProcessor.java:349) ~[spring-beans-4.1.7.RELEASE.jar!/:4.1.7.RELEASE]
	at org.springframework.beans.factory.annotation.InitDestroyAnnotationBeanPostProcessor$LifecycleMetadata.invokeInitMethods(InitDestroyAnnotationBeanPostProcessor.java:300) ~[spring-beans-4.1.7.RELEASE.jar!/:4.1.7.RELEASE]
	at org.springframework.beans.factory.annotation.InitDestroyAnnotationBeanPostProcessor.postProcessBeforeInitialization(InitDestroyAnnotationBeanPostProcessor.java:133) ~[spring-beans-4.1.7.RELEASE.jar!/:4.1.7.RELEASE]
	... 22 common frames omitted
2016-04-14 19:18:10,512 INFO  o.s.s.c.ThreadPoolTaskScheduler - Shutting down ExecutorService 'taskScheduler'
2016-04-14 19:18:10,516 INFO  o.s.b.l.ClasspathLoggingApplicationListener - Application failed to start with classpath: [jar:file:/C:/Users/toshiba/Desktop/github-scm-collector-2.0.0-SNAPSHOT.jar!/, jar:file:/C:/Users/toshiba/Desktop/github-scm-collector-2.0.0-SNAPSHOT.jar!/lib/core-2.0.0-SNAPSHOT.jar!/, jar:file:/C:/Users/toshiba/Desktop/github-scm-collector-2.0.0-SNAPSHOT.jar!/lib/spring-boot-1.2.5.RELEASE.jar!/, jar:file:/C:/Users/toshiba/Desktop/github-scm-collector-2.0.0-SNAPSHOT.jar!/lib/spring-test-4.1.7.RELEASE.jar!/, jar:file:/C:/Users/toshiba/Desktop/github-scm-collector-2.0.0-SNAPSHOT.jar!/lib/spring-data-mongodb-1.8.0.RELEASE.jar!/, jar:file:/C:/Users/toshiba/Desktop/github-scm-collector-2.0.0-SNAPSHOT.jar!/lib/spring-expression-4.1.7.RELEASE.jar!/, jar:file:/C:/Users/toshiba/Desktop/github-scm-collector-2.0.0-SNAPSHOT.jar!/lib/spring-data-commons-1.11.0.RELEASE.jar!/, jar:file:/C:/Users/toshiba/Desktop/github-scm-collector-2.0.0-SNAPSHOT.jar!/lib/slf4j-api-1.7.12.jar!/, jar:file:/C:/Users/toshiba/Desktop/github-scm-collector-2.0.0-SNAPSHOT.jar!/lib/jcl-over-slf4j-1.7.12.jar!/, jar:file:/C:/Users/toshiba/Desktop/github-scm-collector-2.0.0-SNAPSHOT.jar!/lib/querydsl-jpa-3.6.0.jar!/, jar:file:/C:/Users/toshiba/Desktop/github-scm-collector-2.0.0-SNAPSHOT.jar!/lib/querydsl-core-3.6.0.jar!/, jar:file:/C:/Users/toshiba/Desktop/github-scm-collector-2.0.0-SNAPSHOT.jar!/lib/guava-18.0.jar!/, jar:file:/C:/Users/toshiba/Desktop/github-scm-collector-2.0.0-SNAPSHOT.jar!/lib/jsr305-1.3.9.jar!/, jar:file:/C:/Users/toshiba/Desktop/github-scm-collector-2.0.0-SNAPSHOT.jar!/lib/mysema-commons-lang-0.2.4.jar!/, jar:file:/C:/Users/toshiba/Desktop/github-scm-collector-2.0.0-SNAPSHOT.jar!/lib/bridge-method-annotation-1.13.jar!/, jar:file:/C:/Users/toshiba/Desktop/github-scm-collector-2.0.0-SNAPSHOT.jar!/lib/querydsl-apt-3.6.0.jar!/, jar:file:/C:/Users/toshiba/Desktop/github-scm-collector-2.0.0-SNAPSHOT.jar!/lib/querydsl-codegen-3.6.0.jar!/, jar:file:/C:/Users/toshiba/Desktop/github-scm-collector-2.0.0-SNAPSHOT.jar!/lib/codegen-0.6.5.jar!/, jar:file:/C:/Users/toshiba/Desktop/github-scm-collector-2.0.0-SNAPSHOT.jar!/lib/ecj-4.3.1.jar!/, jar:file:/C:/Users/toshiba/Desktop/github-scm-collector-2.0.0-SNAPSHOT.jar!/lib/javax.inject-1.jar!/, jar:file:/C:/Users/toshiba/Desktop/github-scm-collector-2.0.0-SNAPSHOT.jar!/lib/querydsl-mongodb-3.6.0.jar!/, jar:file:/C:/Users/toshiba/Desktop/github-scm-collector-2.0.0-SNAPSHOT.jar!/lib/validation-api-1.1.0.Final.jar!/, jar:file:/C:/Users/toshiba/Desktop/github-scm-collector-2.0.0-SNAPSHOT.jar!/lib/hibernate-validator-5.1.3.Final.jar!/, jar:file:/C:/Users/toshiba/Desktop/github-scm-collector-2.0.0-SNAPSHOT.jar!/lib/jboss-logging-3.1.3.GA.jar!/, jar:file:/C:/Users/toshiba/Desktop/github-scm-collector-2.0.0-SNAPSHOT.jar!/lib/classmate-1.0.0.jar!/, jar:file:/C:/Users/toshiba/Desktop/github-scm-collector-2.0.0-SNAPSHOT.jar!/lib/javax.el-api-2.2.4.jar!/, jar:file:/C:/Users/toshiba/Desktop/github-scm-collector-2.0.0-SNAPSHOT.jar!/lib/spring-boot-starter-data-mongodb-1.2.5.RELEASE.jar!/, jar:file:/C:/Users/toshiba/Desktop/github-scm-collector-2.0.0-SNAPSHOT.jar!/lib/spring-boot-starter-1.2.5.RELEASE.jar!/, jar:file:/C:/Users/toshiba/Desktop/github-scm-collector-2.0.0-SNAPSHOT.jar!/lib/spring-boot-autoconfigure-1.2.5.RELEASE.jar!/, jar:file:/C:/Users/toshiba/Desktop/github-scm-collector-2.0.0-SNAPSHOT.jar!/lib/spring-boot-starter-logging-1.2.5.RELEASE.jar!/, jar:file:/C:/Users/toshiba/Desktop/github-scm-collector-2.0.0-SNAPSHOT.jar!/lib/jul-to-slf4j-1.7.12.jar!/, jar:file:/C:/Users/toshiba/Desktop/github-scm-collector-2.0.0-SNAPSHOT.jar!/lib/log4j-over-slf4j-1.7.12.jar!/, jar:file:/C:/Users/toshiba/Desktop/github-scm-collector-2.0.0-SNAPSHOT.jar!/lib/logback-classic-1.1.3.jar!/, jar:file:/C:/Users/toshiba/Desktop/github-scm-collector-2.0.0-SNAPSHOT.jar!/lib/logback-core-1.1.3.jar!/, jar:file:/C:/Users/toshiba/Desktop/github-scm-collector-2.0.0-SNAPSHOT.jar!/lib/snakeyaml-1.14.jar!/, jar:file:/C:/Users/toshiba/Desktop/github-scm-collector-2.0.0-SNAPSHOT.jar!/lib/mongo-java-driver-3.0.2.jar!/, jar:file:/C:/Users/toshiba/Desktop/github-scm-collector-2.0.0-SNAPSHOT.jar!/lib/spring-core-4.1.7.RELEASE.jar!/, jar:file:/C:/Users/toshiba/Desktop/github-scm-collector-2.0.0-SNAPSHOT.jar!/lib/spring-tx-4.1.7.RELEASE.jar!/, jar:file:/C:/Users/toshiba/Desktop/github-scm-collector-2.0.0-SNAPSHOT.jar!/lib/junit-4.12.jar!/, jar:file:/C:/Users/toshiba/Desktop/github-scm-collector-2.0.0-SNAPSHOT.jar!/lib/hamcrest-core-1.3.jar!/, jar:file:/C:/Users/toshiba/Desktop/github-scm-collector-2.0.0-SNAPSHOT.jar!/lib/spring-web-4.1.7.RELEASE.jar!/, jar:file:/C:/Users/toshiba/Desktop/github-scm-collector-2.0.0-SNAPSHOT.jar!/lib/spring-aop-4.1.7.RELEASE.jar!/, jar:file:/C:/Users/toshiba/Desktop/github-scm-collector-2.0.0-SNAPSHOT.jar!/lib/aopalliance-1.0.jar!/, jar:file:/C:/Users/toshiba/Desktop/github-scm-collector-2.0.0-SNAPSHOT.jar!/lib/spring-beans-4.1.7.RELEASE.jar!/, jar:file:/C:/Users/toshiba/Desktop/github-scm-collector-2.0.0-SNAPSHOT.jar!/lib/spring-context-4.1.7.RELEASE.jar!/, jar:file:/C:/Users/toshiba/Desktop/github-scm-collector-2.0.0-SNAPSHOT.jar!/lib/json-simple-1.1.1.jar!/, jar:file:/C:/Users/toshiba/Desktop/github-scm-collector-2.0.0-SNAPSHOT.jar!/lib/commons-lang3-3.3.2.jar!/, jar:file:/C:/Users/toshiba/Desktop/github-scm-collector-2.0.0-SNAPSHOT.jar!/lib/commons-codec-1.9.jar!/, jar:file:/C:/Users/toshiba/Desktop/github-scm-collector-2.0.0-SNAPSHOT.jar!/lib/httpclient-4.3.6.jar!/, jar:file:/C:/Users/toshiba/Desktop/github-scm-collector-2.0.0-SNAPSHOT.jar!/lib/httpcore-4.3.3.jar!/, jar:file:/C:/Users/toshiba/Desktop/github-scm-collector-2.0.0-SNAPSHOT.jar!/lib/joda-time-2.7.jar!/, jar:file:/C:/Users/toshiba/Desktop/github-scm-collector-2.0.0-SNAPSHOT.jar!/lib/joda-convert-1.8.1.jar!/]
2016-04-14 19:18:10,523 INFO  o.s.b.a.l.AutoConfigurationReportLoggingInitializer - 

Error starting ApplicationContext. To display the auto-configuration report enable debug logging (start with --debug)


2016-04-14 19:18:10,524 ERROR o.s.boot.SpringApplication - Application startup failed
org.springframework.beans.factory.BeanCreationException: Error creating bean with name 'gitHubCollectorTask': Invocation of init method failed; nested exception is java.lang.NullPointerException
	at org.springframework.beans.factory.annotation.InitDestroyAnnotationBeanPostProcessor.postProcessBeforeInitialization(InitDestroyAnnotationBeanPostProcessor.java:136) ~[spring-beans-4.1.7.RELEASE.jar!/:4.1.7.RELEASE]
	at org.springframework.beans.factory.support.AbstractAutowireCapableBeanFactory.applyBeanPostProcessorsBeforeInitialization(AbstractAutowireCapableBeanFactory.java:408) ~[spring-beans-4.1.7.RELEASE.jar!/:4.1.7.RELEASE]
	at org.springframework.beans.factory.support.AbstractAutowireCapableBeanFactory.initializeBean(AbstractAutowireCapableBeanFactory.java:1566) ~[spring-beans-4.1.7.RELEASE.jar!/:4.1.7.RELEASE]
	at org.springframework.beans.factory.support.AbstractAutowireCapableBeanFactory.doCreateBean(AbstractAutowireCapableBeanFactory.java:539) ~[spring-beans-4.1.7.RELEASE.jar!/:4.1.7.RELEASE]
	at org.springframework.beans.factory.support.AbstractAutowireCapableBeanFactory.createBean(AbstractAutowireCapableBeanFactory.java:476) ~[spring-beans-4.1.7.RELEASE.jar!/:4.1.7.RELEASE]
	at org.springframework.beans.factory.support.AbstractBeanFactory$1.getObject(AbstractBeanFactory.java:303) ~[spring-beans-4.1.7.RELEASE.jar!/:4.1.7.RELEASE]
	at org.springframework.beans.factory.support.DefaultSingletonBeanRegistry.getSingleton(DefaultSingletonBeanRegistry.java:230) ~[spring-beans-4.1.7.RELEASE.jar!/:4.1.7.RELEASE]
	at org.springframework.beans.factory.support.AbstractBeanFactory.doGetBean(AbstractBeanFactory.java:299) ~[spring-beans-4.1.7.RELEASE.jar!/:4.1.7.RELEASE]
	at org.springframework.beans.factory.support.AbstractBeanFactory.getBean(AbstractBeanFactory.java:194) ~[spring-beans-4.1.7.RELEASE.jar!/:4.1.7.RELEASE]
	at org.springframework.beans.factory.support.DefaultListableBeanFactory.preInstantiateSingletons(DefaultListableBeanFactory.java:755) ~[spring-beans-4.1.7.RELEASE.jar!/:4.1.7.RELEASE]
	at org.springframework.context.support.AbstractApplicationContext.finishBeanFactoryInitialization(AbstractApplicationContext.java:757) ~[spring-context-4.1.7.RELEASE.jar!/:4.1.7.RELEASE]
	at org.springframework.context.support.AbstractApplicationContext.refresh(AbstractApplicationContext.java:480) ~[spring-context-4.1.7.RELEASE.jar!/:4.1.7.RELEASE]
	at org.springframework.boot.SpringApplication.refresh(SpringApplication.java:686) [spring-boot-1.2.5.RELEASE.jar!/:1.2.5.RELEASE]
	at org.springframework.boot.SpringApplication.run(SpringApplication.java:320) [spring-boot-1.2.5.RELEASE.jar!/:1.2.5.RELEASE]
	at org.springframework.boot.SpringApplication.run(SpringApplication.java:957) [spring-boot-1.2.5.RELEASE.jar!/:1.2.5.RELEASE]
	at org.springframework.boot.SpringApplication.run(SpringApplication.java:946) [spring-boot-1.2.5.RELEASE.jar!/:1.2.5.RELEASE]
	at com.capitalone.dashboard.Application.main(Application.java:13) [github-scm-collector-2.0.0-SNAPSHOT.jar!/:2.0.0-SNAPSHOT]
	at sun.reflect.NativeMethodAccessorImpl.invoke0(Native Method) ~[na:1.8.0_71]
	at sun.reflect.NativeMethodAccessorImpl.invoke(Unknown Source) ~[na:1.8.0_71]
	at sun.reflect.DelegatingMethodAccessorImpl.invoke(Unknown Source) ~[na:1.8.0_71]
	at java.lang.reflect.Method.invoke(Unknown Source) ~[na:1.8.0_71]
	at org.springframework.boot.loader.MainMethodRunner.run(MainMethodRunner.java:53) [github-scm-collector-2.0.0-SNAPSHOT.jar!/:2.0.0-SNAPSHOT]
	at java.lang.Thread.run(Unknown Source) [na:1.8.0_71]
Caused by: java.lang.NullPointerException: null
	at org.springframework.scheduling.support.CronSequenceGenerator.parse(CronSequenceGenerator.java:265) ~[spring-context-4.1.7.RELEASE.jar!/:4.1.7.RELEASE]
	at org.springframework.scheduling.support.CronSequenceGenerator.<init>(CronSequenceGenerator.java:95) ~[spring-context-4.1.7.RELEASE.jar!/:4.1.7.RELEASE]
	at org.springframework.scheduling.support.CronSequenceGenerator.<init>(CronSequenceGenerator.java:82) ~[spring-context-4.1.7.RELEASE.jar!/:4.1.7.RELEASE]
	at org.springframework.scheduling.support.CronTrigger.<init>(CronTrigger.java:44) ~[spring-context-4.1.7.RELEASE.jar!/:4.1.7.RELEASE]
	at com.capitalone.dashboard.collector.CollectorTask.onStartup(CollectorTask.java:73) ~[core-2.0.0-SNAPSHOT.jar!/:2.0.0-SNAPSHOT]
	at sun.reflect.NativeMethodAccessorImpl.invoke0(Native Method) ~[na:1.8.0_71]
	at sun.reflect.NativeMethodAccessorImpl.invoke(Unknown Source) ~[na:1.8.0_71]
	at sun.reflect.DelegatingMethodAccessorImpl.invoke(Unknown Source) ~[na:1.8.0_71]
	at java.lang.reflect.Method.invoke(Unknown Source) ~[na:1.8.0_71]
	at org.springframework.beans.factory.annotation.InitDestroyAnnotationBeanPostProcessor$LifecycleElement.invoke(InitDestroyAnnotationBeanPostProcessor.java:349) ~[spring-beans-4.1.7.RELEASE.jar!/:4.1.7.RELEASE]
	at org.springframework.beans.factory.annotation.InitDestroyAnnotationBeanPostProcessor$LifecycleMetadata.invokeInitMethods(InitDestroyAnnotationBeanPostProcessor.java:300) ~[spring-beans-4.1.7.RELEASE.jar!/:4.1.7.RELEASE]
	at org.springframework.beans.factory.annotation.InitDestroyAnnotationBeanPostProcessor.postProcessBeforeInitialization(InitDestroyAnnotationBeanPostProcessor.java:133) ~[spring-beans-4.1.7.RELEASE.jar!/:4.1.7.RELEASE]
	... 22 common frames omitted
2016-04-14 20:10:24,916 INFO  com.capitalone.dashboard.Application - Starting Application v2.0.0-SNAPSHOT on toshiba-PC with PID 4556 (C:\Users\toshiba\Desktop\github-scm-collector-2.0.0-SNAPSHOT.jar started by toshiba in C:\Users\toshiba\Desktop)
2016-04-14 20:10:24,978 INFO  o.s.c.a.AnnotationConfigApplicationContext - Refreshing org.springframework.context.annotation.AnnotationConfigApplicationContext@61ccd83d: startup date [Thu Apr 14 20:10:24 IST 2016]; root of context hierarchy
2016-04-14 20:10:26,371 INFO  o.s.b.f.a.AutowiredAnnotationBeanPostProcessor - JSR-330 'javax.inject.Inject' annotation found and supported for autowiring
2016-04-14 20:10:26,472 INFO  o.h.validator.internal.util.Version - HV000001: Hibernate Validator 5.1.3.Final
2016-04-14 20:10:27,586 INFO  o.s.s.c.ThreadPoolTaskScheduler - Initializing ExecutorService  'taskScheduler'
2016-04-14 20:10:27,691 INFO  c.c.dashboard.config.MongoConfig - Initializing Mongo Client server at: localhost:27017
2016-04-14 20:10:27,964 INFO  org.mongodb.driver.cluster - Cluster created with settings {hosts=[localhost:27017], mode=SINGLE, requiredClusterType=UNKNOWN, serverSelectionTimeout='30000 ms', maxWaitQueueSize=500}
2016-04-14 20:10:28,196 INFO  c.c.dashboard.config.MongoConfig - Connecting to Mongo: Mongo{options=MongoClientOptions{description='null', readPreference=primary, writeConcern=WriteConcern{w=1, wtimeout=0, fsync=false, j=false, codecRegistry=org.bson.codecs.configuration.ProvidersCodecRegistry@28c396b6, minConnectionsPerHost=0, maxConnectionsPerHost=100, threadsAllowedToBlockForConnectionMultiplier=5, serverSelectionTimeout=30000, maxWaitTime=120000, maxConnectionIdleTime=0, maxConnectionLifeTime=0, connectTimeout=10000, socketTimeout=0, socketKeepAlive=false, sslEnabled=false, sslInvalidHostNamesAllowed=false, alwaysUseMBeans=false, heartbeatFrequency=10000, minHeartbeatFrequency=500, heartbeatConnectTimeout=20000, heartbeatSocketTimeout=20000, localThreshold=15, requiredReplicaSetName='null', dbDecoderFactory=com.mongodb.DefaultDBDecoder$1@76f2484b, dbEncoderFactory=com.mongodb.DefaultDBEncoder$1@77ccca7, socketFactory=javax.net.DefaultSocketFactory@387beac9, cursorFinalizerEnabled=true, connectionPoolSettings=ConnectionPoolSettings{maxSize=100, minSize=0, maxWaitQueueSize=500, maxWaitTimeMS=120000, maxConnectionLifeTimeMS=0, maxConnectionIdleTimeMS=0, maintenanceInitialDelayMS=0, maintenanceFrequencyMS=60000}, socketSettings=SocketSettings{connectTimeoutMS=10000, readTimeoutMS=0, keepAlive=false, receiveBufferSize=0, sendBufferSize=0}, serverSettings=ServerSettings{heartbeatFrequencyMS=10000, minHeartbeatFrequencyMS=500}, heartbeatSocketSettings=SocketSettings{connectTimeoutMS=20000, readTimeoutMS=20000, keepAlive=false, receiveBufferSize=0, sendBufferSize=0}}}
2016-04-14 20:10:28,262 INFO  org.mongodb.driver.connection - Opened connection [connectionId{localValue:1, serverValue:21}] to localhost:27017
2016-04-14 20:10:28,264 INFO  org.mongodb.driver.cluster - Monitor thread successfully connected to server with description ServerDescription{address=localhost:27017, type=STANDALONE, state=CONNECTED, ok=true, version=ServerVersion{versionList=[3, 2, 4]}, minWireVersion=0, maxWireVersion=4, electionId=null, maxDocumentSize=16777216, roundTripTimeNanos=868242}
2016-04-14 20:10:28,767 WARN  o.s.c.a.AnnotationConfigApplicationContext - Exception encountered during context initialization - cancelling refresh attempt
org.springframework.beans.factory.BeanCreationException: Error creating bean with name 'gitHubCollectorTask': Invocation of init method failed; nested exception is java.lang.NullPointerException
	at org.springframework.beans.factory.annotation.InitDestroyAnnotationBeanPostProcessor.postProcessBeforeInitialization(InitDestroyAnnotationBeanPostProcessor.java:136) ~[spring-beans-4.1.7.RELEASE.jar!/:4.1.7.RELEASE]
	at org.springframework.beans.factory.support.AbstractAutowireCapableBeanFactory.applyBeanPostProcessorsBeforeInitialization(AbstractAutowireCapableBeanFactory.java:408) ~[spring-beans-4.1.7.RELEASE.jar!/:4.1.7.RELEASE]
	at org.springframework.beans.factory.support.AbstractAutowireCapableBeanFactory.initializeBean(AbstractAutowireCapableBeanFactory.java:1566) ~[spring-beans-4.1.7.RELEASE.jar!/:4.1.7.RELEASE]
	at org.springframework.beans.factory.support.AbstractAutowireCapableBeanFactory.doCreateBean(AbstractAutowireCapableBeanFactory.java:539) ~[spring-beans-4.1.7.RELEASE.jar!/:4.1.7.RELEASE]
	at org.springframework.beans.factory.support.AbstractAutowireCapableBeanFactory.createBean(AbstractAutowireCapableBeanFactory.java:476) ~[spring-beans-4.1.7.RELEASE.jar!/:4.1.7.RELEASE]
	at org.springframework.beans.factory.support.AbstractBeanFactory$1.getObject(AbstractBeanFactory.java:303) ~[spring-beans-4.1.7.RELEASE.jar!/:4.1.7.RELEASE]
	at org.springframework.beans.factory.support.DefaultSingletonBeanRegistry.getSingleton(DefaultSingletonBeanRegistry.java:230) ~[spring-beans-4.1.7.RELEASE.jar!/:4.1.7.RELEASE]
	at org.springframework.beans.factory.support.AbstractBeanFactory.doGetBean(AbstractBeanFactory.java:299) ~[spring-beans-4.1.7.RELEASE.jar!/:4.1.7.RELEASE]
	at org.springframework.beans.factory.support.AbstractBeanFactory.getBean(AbstractBeanFactory.java:194) ~[spring-beans-4.1.7.RELEASE.jar!/:4.1.7.RELEASE]
	at org.springframework.beans.factory.support.DefaultListableBeanFactory.preInstantiateSingletons(DefaultListableBeanFactory.java:755) ~[spring-beans-4.1.7.RELEASE.jar!/:4.1.7.RELEASE]
	at org.springframework.context.support.AbstractApplicationContext.finishBeanFactoryInitialization(AbstractApplicationContext.java:757) ~[spring-context-4.1.7.RELEASE.jar!/:4.1.7.RELEASE]
	at org.springframework.context.support.AbstractApplicationContext.refresh(AbstractApplicationContext.java:480) ~[spring-context-4.1.7.RELEASE.jar!/:4.1.7.RELEASE]
	at org.springframework.boot.SpringApplication.refresh(SpringApplication.java:686) [spring-boot-1.2.5.RELEASE.jar!/:1.2.5.RELEASE]
	at org.springframework.boot.SpringApplication.run(SpringApplication.java:320) [spring-boot-1.2.5.RELEASE.jar!/:1.2.5.RELEASE]
	at org.springframework.boot.SpringApplication.run(SpringApplication.java:957) [spring-boot-1.2.5.RELEASE.jar!/:1.2.5.RELEASE]
	at org.springframework.boot.SpringApplication.run(SpringApplication.java:946) [spring-boot-1.2.5.RELEASE.jar!/:1.2.5.RELEASE]
	at com.capitalone.dashboard.Application.main(Application.java:13) [github-scm-collector-2.0.0-SNAPSHOT.jar!/:2.0.0-SNAPSHOT]
	at sun.reflect.NativeMethodAccessorImpl.invoke0(Native Method) ~[na:1.8.0_71]
	at sun.reflect.NativeMethodAccessorImpl.invoke(Unknown Source) ~[na:1.8.0_71]
	at sun.reflect.DelegatingMethodAccessorImpl.invoke(Unknown Source) ~[na:1.8.0_71]
	at java.lang.reflect.Method.invoke(Unknown Source) ~[na:1.8.0_71]
	at org.springframework.boot.loader.MainMethodRunner.run(MainMethodRunner.java:53) [github-scm-collector-2.0.0-SNAPSHOT.jar!/:2.0.0-SNAPSHOT]
	at java.lang.Thread.run(Unknown Source) [na:1.8.0_71]
Caused by: java.lang.NullPointerException: null
	at org.springframework.scheduling.support.CronSequenceGenerator.parse(CronSequenceGenerator.java:265) ~[spring-context-4.1.7.RELEASE.jar!/:4.1.7.RELEASE]
	at org.springframework.scheduling.support.CronSequenceGenerator.<init>(CronSequenceGenerator.java:95) ~[spring-context-4.1.7.RELEASE.jar!/:4.1.7.RELEASE]
	at org.springframework.scheduling.support.CronSequenceGenerator.<init>(CronSequenceGenerator.java:82) ~[spring-context-4.1.7.RELEASE.jar!/:4.1.7.RELEASE]
	at org.springframework.scheduling.support.CronTrigger.<init>(CronTrigger.java:44) ~[spring-context-4.1.7.RELEASE.jar!/:4.1.7.RELEASE]
	at com.capitalone.dashboard.collector.CollectorTask.onStartup(CollectorTask.java:73) ~[core-2.0.0-SNAPSHOT.jar!/:2.0.0-SNAPSHOT]
	at sun.reflect.NativeMethodAccessorImpl.invoke0(Native Method) ~[na:1.8.0_71]
	at sun.reflect.NativeMethodAccessorImpl.invoke(Unknown Source) ~[na:1.8.0_71]
	at sun.reflect.DelegatingMethodAccessorImpl.invoke(Unknown Source) ~[na:1.8.0_71]
	at java.lang.reflect.Method.invoke(Unknown Source) ~[na:1.8.0_71]
	at org.springframework.beans.factory.annotation.InitDestroyAnnotationBeanPostProcessor$LifecycleElement.invoke(InitDestroyAnnotationBeanPostProcessor.java:349) ~[spring-beans-4.1.7.RELEASE.jar!/:4.1.7.RELEASE]
	at org.springframework.beans.factory.annotation.InitDestroyAnnotationBeanPostProcessor$LifecycleMetadata.invokeInitMethods(InitDestroyAnnotationBeanPostProcessor.java:300) ~[spring-beans-4.1.7.RELEASE.jar!/:4.1.7.RELEASE]
	at org.springframework.beans.factory.annotation.InitDestroyAnnotationBeanPostProcessor.postProcessBeforeInitialization(InitDestroyAnnotationBeanPostProcessor.java:133) ~[spring-beans-4.1.7.RELEASE.jar!/:4.1.7.RELEASE]
	... 22 common frames omitted
2016-04-14 20:10:28,770 INFO  o.s.s.c.ThreadPoolTaskScheduler - Shutting down ExecutorService 'taskScheduler'
2016-04-14 20:10:28,772 INFO  o.s.b.l.ClasspathLoggingApplicationListener - Application failed to start with classpath: [jar:file:/C:/Users/toshiba/Desktop/github-scm-collector-2.0.0-SNAPSHOT.jar!/, jar:file:/C:/Users/toshiba/Desktop/github-scm-collector-2.0.0-SNAPSHOT.jar!/lib/core-2.0.0-SNAPSHOT.jar!/, jar:file:/C:/Users/toshiba/Desktop/github-scm-collector-2.0.0-SNAPSHOT.jar!/lib/spring-boot-1.2.5.RELEASE.jar!/, jar:file:/C:/Users/toshiba/Desktop/github-scm-collector-2.0.0-SNAPSHOT.jar!/lib/spring-test-4.1.7.RELEASE.jar!/, jar:file:/C:/Users/toshiba/Desktop/github-scm-collector-2.0.0-SNAPSHOT.jar!/lib/spring-data-mongodb-1.8.0.RELEASE.jar!/, jar:file:/C:/Users/toshiba/Desktop/github-scm-collector-2.0.0-SNAPSHOT.jar!/lib/spring-expression-4.1.7.RELEASE.jar!/, jar:file:/C:/Users/toshiba/Desktop/github-scm-collector-2.0.0-SNAPSHOT.jar!/lib/spring-data-commons-1.11.0.RELEASE.jar!/, jar:file:/C:/Users/toshiba/Desktop/github-scm-collector-2.0.0-SNAPSHOT.jar!/lib/slf4j-api-1.7.12.jar!/, jar:file:/C:/Users/toshiba/Desktop/github-scm-collector-2.0.0-SNAPSHOT.jar!/lib/jcl-over-slf4j-1.7.12.jar!/, jar:file:/C:/Users/toshiba/Desktop/github-scm-collector-2.0.0-SNAPSHOT.jar!/lib/querydsl-jpa-3.6.0.jar!/, jar:file:/C:/Users/toshiba/Desktop/github-scm-collector-2.0.0-SNAPSHOT.jar!/lib/querydsl-core-3.6.0.jar!/, jar:file:/C:/Users/toshiba/Desktop/github-scm-collector-2.0.0-SNAPSHOT.jar!/lib/guava-18.0.jar!/, jar:file:/C:/Users/toshiba/Desktop/github-scm-collector-2.0.0-SNAPSHOT.jar!/lib/jsr305-1.3.9.jar!/, jar:file:/C:/Users/toshiba/Desktop/github-scm-collector-2.0.0-SNAPSHOT.jar!/lib/mysema-commons-lang-0.2.4.jar!/, jar:file:/C:/Users/toshiba/Desktop/github-scm-collector-2.0.0-SNAPSHOT.jar!/lib/bridge-method-annotation-1.13.jar!/, jar:file:/C:/Users/toshiba/Desktop/github-scm-collector-2.0.0-SNAPSHOT.jar!/lib/querydsl-apt-3.6.0.jar!/, jar:file:/C:/Users/toshiba/Desktop/github-scm-collector-2.0.0-SNAPSHOT.jar!/lib/querydsl-codegen-3.6.0.jar!/, jar:file:/C:/Users/toshiba/Desktop/github-scm-collector-2.0.0-SNAPSHOT.jar!/lib/codegen-0.6.5.jar!/, jar:file:/C:/Users/toshiba/Desktop/github-scm-collector-2.0.0-SNAPSHOT.jar!/lib/ecj-4.3.1.jar!/, jar:file:/C:/Users/toshiba/Desktop/github-scm-collector-2.0.0-SNAPSHOT.jar!/lib/javax.inject-1.jar!/, jar:file:/C:/Users/toshiba/Desktop/github-scm-collector-2.0.0-SNAPSHOT.jar!/lib/querydsl-mongodb-3.6.0.jar!/, jar:file:/C:/Users/toshiba/Desktop/github-scm-collector-2.0.0-SNAPSHOT.jar!/lib/validation-api-1.1.0.Final.jar!/, jar:file:/C:/Users/toshiba/Desktop/github-scm-collector-2.0.0-SNAPSHOT.jar!/lib/hibernate-validator-5.1.3.Final.jar!/, jar:file:/C:/Users/toshiba/Desktop/github-scm-collector-2.0.0-SNAPSHOT.jar!/lib/jboss-logging-3.1.3.GA.jar!/, jar:file:/C:/Users/toshiba/Desktop/github-scm-collector-2.0.0-SNAPSHOT.jar!/lib/classmate-1.0.0.jar!/, jar:file:/C:/Users/toshiba/Desktop/github-scm-collector-2.0.0-SNAPSHOT.jar!/lib/javax.el-api-2.2.4.jar!/, jar:file:/C:/Users/toshiba/Desktop/github-scm-collector-2.0.0-SNAPSHOT.jar!/lib/spring-boot-starter-data-mongodb-1.2.5.RELEASE.jar!/, jar:file:/C:/Users/toshiba/Desktop/github-scm-collector-2.0.0-SNAPSHOT.jar!/lib/spring-boot-starter-1.2.5.RELEASE.jar!/, jar:file:/C:/Users/toshiba/Desktop/github-scm-collector-2.0.0-SNAPSHOT.jar!/lib/spring-boot-autoconfigure-1.2.5.RELEASE.jar!/, jar:file:/C:/Users/toshiba/Desktop/github-scm-collector-2.0.0-SNAPSHOT.jar!/lib/spring-boot-starter-logging-1.2.5.RELEASE.jar!/, jar:file:/C:/Users/toshiba/Desktop/github-scm-collector-2.0.0-SNAPSHOT.jar!/lib/jul-to-slf4j-1.7.12.jar!/, jar:file:/C:/Users/toshiba/Desktop/github-scm-collector-2.0.0-SNAPSHOT.jar!/lib/log4j-over-slf4j-1.7.12.jar!/, jar:file:/C:/Users/toshiba/Desktop/github-scm-collector-2.0.0-SNAPSHOT.jar!/lib/logback-classic-1.1.3.jar!/, jar:file:/C:/Users/toshiba/Desktop/github-scm-collector-2.0.0-SNAPSHOT.jar!/lib/logback-core-1.1.3.jar!/, jar:file:/C:/Users/toshiba/Desktop/github-scm-collector-2.0.0-SNAPSHOT.jar!/lib/snakeyaml-1.14.jar!/, jar:file:/C:/Users/toshiba/Desktop/github-scm-collector-2.0.0-SNAPSHOT.jar!/lib/mongo-java-driver-3.0.2.jar!/, jar:file:/C:/Users/toshiba/Desktop/github-scm-collector-2.0.0-SNAPSHOT.jar!/lib/spring-core-4.1.7.RELEASE.jar!/, jar:file:/C:/Users/toshiba/Desktop/github-scm-collector-2.0.0-SNAPSHOT.jar!/lib/spring-tx-4.1.7.RELEASE.jar!/, jar:file:/C:/Users/toshiba/Desktop/github-scm-collector-2.0.0-SNAPSHOT.jar!/lib/junit-4.12.jar!/, jar:file:/C:/Users/toshiba/Desktop/github-scm-collector-2.0.0-SNAPSHOT.jar!/lib/hamcrest-core-1.3.jar!/, jar:file:/C:/Users/toshiba/Desktop/github-scm-collector-2.0.0-SNAPSHOT.jar!/lib/spring-web-4.1.7.RELEASE.jar!/, jar:file:/C:/Users/toshiba/Desktop/github-scm-collector-2.0.0-SNAPSHOT.jar!/lib/spring-aop-4.1.7.RELEASE.jar!/, jar:file:/C:/Users/toshiba/Desktop/github-scm-collector-2.0.0-SNAPSHOT.jar!/lib/aopalliance-1.0.jar!/, jar:file:/C:/Users/toshiba/Desktop/github-scm-collector-2.0.0-SNAPSHOT.jar!/lib/spring-beans-4.1.7.RELEASE.jar!/, jar:file:/C:/Users/toshiba/Desktop/github-scm-collector-2.0.0-SNAPSHOT.jar!/lib/spring-context-4.1.7.RELEASE.jar!/, jar:file:/C:/Users/toshiba/Desktop/github-scm-collector-2.0.0-SNAPSHOT.jar!/lib/json-simple-1.1.1.jar!/, jar:file:/C:/Users/toshiba/Desktop/github-scm-collector-2.0.0-SNAPSHOT.jar!/lib/commons-lang3-3.3.2.jar!/, jar:file:/C:/Users/toshiba/Desktop/github-scm-collector-2.0.0-SNAPSHOT.jar!/lib/commons-codec-1.9.jar!/, jar:file:/C:/Users/toshiba/Desktop/github-scm-collector-2.0.0-SNAPSHOT.jar!/lib/httpclient-4.3.6.jar!/, jar:file:/C:/Users/toshiba/Desktop/github-scm-collector-2.0.0-SNAPSHOT.jar!/lib/httpcore-4.3.3.jar!/, jar:file:/C:/Users/toshiba/Desktop/github-scm-collector-2.0.0-SNAPSHOT.jar!/lib/joda-time-2.7.jar!/, jar:file:/C:/Users/toshiba/Desktop/github-scm-collector-2.0.0-SNAPSHOT.jar!/lib/joda-convert-1.8.1.jar!/]
2016-04-14 20:10:28,776 INFO  o.s.b.a.l.AutoConfigurationReportLoggingInitializer - 

Error starting ApplicationContext. To display the auto-configuration report enable debug logging (start with --debug)


2016-04-14 20:10:28,776 ERROR o.s.boot.SpringApplication - Application startup failed
org.springframework.beans.factory.BeanCreationException: Error creating bean with name 'gitHubCollectorTask': Invocation of init method failed; nested exception is java.lang.NullPointerException
	at org.springframework.beans.factory.annotation.InitDestroyAnnotationBeanPostProcessor.postProcessBeforeInitialization(InitDestroyAnnotationBeanPostProcessor.java:136) ~[spring-beans-4.1.7.RELEASE.jar!/:4.1.7.RELEASE]
	at org.springframework.beans.factory.support.AbstractAutowireCapableBeanFactory.applyBeanPostProcessorsBeforeInitialization(AbstractAutowireCapableBeanFactory.java:408) ~[spring-beans-4.1.7.RELEASE.jar!/:4.1.7.RELEASE]
	at org.springframework.beans.factory.support.AbstractAutowireCapableBeanFactory.initializeBean(AbstractAutowireCapableBeanFactory.java:1566) ~[spring-beans-4.1.7.RELEASE.jar!/:4.1.7.RELEASE]
	at org.springframework.beans.factory.support.AbstractAutowireCapableBeanFactory.doCreateBean(AbstractAutowireCapableBeanFactory.java:539) ~[spring-beans-4.1.7.RELEASE.jar!/:4.1.7.RELEASE]
	at org.springframework.beans.factory.support.AbstractAutowireCapableBeanFactory.createBean(AbstractAutowireCapableBeanFactory.java:476) ~[spring-beans-4.1.7.RELEASE.jar!/:4.1.7.RELEASE]
	at org.springframework.beans.factory.support.AbstractBeanFactory$1.getObject(AbstractBeanFactory.java:303) ~[spring-beans-4.1.7.RELEASE.jar!/:4.1.7.RELEASE]
	at org.springframework.beans.factory.support.DefaultSingletonBeanRegistry.getSingleton(DefaultSingletonBeanRegistry.java:230) ~[spring-beans-4.1.7.RELEASE.jar!/:4.1.7.RELEASE]
	at org.springframework.beans.factory.support.AbstractBeanFactory.doGetBean(AbstractBeanFactory.java:299) ~[spring-beans-4.1.7.RELEASE.jar!/:4.1.7.RELEASE]
	at org.springframework.beans.factory.support.AbstractBeanFactory.getBean(AbstractBeanFactory.java:194) ~[spring-beans-4.1.7.RELEASE.jar!/:4.1.7.RELEASE]
	at org.springframework.beans.factory.support.DefaultListableBeanFactory.preInstantiateSingletons(DefaultListableBeanFactory.java:755) ~[spring-beans-4.1.7.RELEASE.jar!/:4.1.7.RELEASE]
	at org.springframework.context.support.AbstractApplicationContext.finishBeanFactoryInitialization(AbstractApplicationContext.java:757) ~[spring-context-4.1.7.RELEASE.jar!/:4.1.7.RELEASE]
	at org.springframework.context.support.AbstractApplicationContext.refresh(AbstractApplicationContext.java:480) ~[spring-context-4.1.7.RELEASE.jar!/:4.1.7.RELEASE]
	at org.springframework.boot.SpringApplication.refresh(SpringApplication.java:686) [spring-boot-1.2.5.RELEASE.jar!/:1.2.5.RELEASE]
	at org.springframework.boot.SpringApplication.run(SpringApplication.java:320) [spring-boot-1.2.5.RELEASE.jar!/:1.2.5.RELEASE]
	at org.springframework.boot.SpringApplication.run(SpringApplication.java:957) [spring-boot-1.2.5.RELEASE.jar!/:1.2.5.RELEASE]
	at org.springframework.boot.SpringApplication.run(SpringApplication.java:946) [spring-boot-1.2.5.RELEASE.jar!/:1.2.5.RELEASE]
	at com.capitalone.dashboard.Application.main(Application.java:13) [github-scm-collector-2.0.0-SNAPSHOT.jar!/:2.0.0-SNAPSHOT]
	at sun.reflect.NativeMethodAccessorImpl.invoke0(Native Method) ~[na:1.8.0_71]
	at sun.reflect.NativeMethodAccessorImpl.invoke(Unknown Source) ~[na:1.8.0_71]
	at sun.reflect.DelegatingMethodAccessorImpl.invoke(Unknown Source) ~[na:1.8.0_71]
	at java.lang.reflect.Method.invoke(Unknown Source) ~[na:1.8.0_71]
	at org.springframework.boot.loader.MainMethodRunner.run(MainMethodRunner.java:53) [github-scm-collector-2.0.0-SNAPSHOT.jar!/:2.0.0-SNAPSHOT]
	at java.lang.Thread.run(Unknown Source) [na:1.8.0_71]
Caused by: java.lang.NullPointerException: null
	at org.springframework.scheduling.support.CronSequenceGenerator.parse(CronSequenceGenerator.java:265) ~[spring-context-4.1.7.RELEASE.jar!/:4.1.7.RELEASE]
	at org.springframework.scheduling.support.CronSequenceGenerator.<init>(CronSequenceGenerator.java:95) ~[spring-context-4.1.7.RELEASE.jar!/:4.1.7.RELEASE]
	at org.springframework.scheduling.support.CronSequenceGenerator.<init>(CronSequenceGenerator.java:82) ~[spring-context-4.1.7.RELEASE.jar!/:4.1.7.RELEASE]
	at org.springframework.scheduling.support.CronTrigger.<init>(CronTrigger.java:44) ~[spring-context-4.1.7.RELEASE.jar!/:4.1.7.RELEASE]
	at com.capitalone.dashboard.collector.CollectorTask.onStartup(CollectorTask.java:73) ~[core-2.0.0-SNAPSHOT.jar!/:2.0.0-SNAPSHOT]
	at sun.reflect.NativeMethodAccessorImpl.invoke0(Native Method) ~[na:1.8.0_71]
	at sun.reflect.NativeMethodAccessorImpl.invoke(Unknown Source) ~[na:1.8.0_71]
	at sun.reflect.DelegatingMethodAccessorImpl.invoke(Unknown Source) ~[na:1.8.0_71]
	at java.lang.reflect.Method.invoke(Unknown Source) ~[na:1.8.0_71]
	at org.springframework.beans.factory.annotation.InitDestroyAnnotationBeanPostProcessor$LifecycleElement.invoke(InitDestroyAnnotationBeanPostProcessor.java:349) ~[spring-beans-4.1.7.RELEASE.jar!/:4.1.7.RELEASE]
	at org.springframework.beans.factory.annotation.InitDestroyAnnotationBeanPostProcessor$LifecycleMetadata.invokeInitMethods(InitDestroyAnnotationBeanPostProcessor.java:300) ~[spring-beans-4.1.7.RELEASE.jar!/:4.1.7.RELEASE]
	at org.springframework.beans.factory.annotation.InitDestroyAnnotationBeanPostProcessor.postProcessBeforeInitialization(InitDestroyAnnotationBeanPostProcessor.java:133) ~[spring-beans-4.1.7.RELEASE.jar!/:4.1.7.RELEASE]
	... 22 common frames omitted
